2023-07-04 18:39:53.839 - DBeaver 23.1.1.202306251800 is starting
2023-07-04 18:39:53.839 - OS: Windows 10 10.0 (amd64)
2023-07-04 18:39:53.840 - Java version: 17.0.6 by Eclipse Adoptium (64bit)
2023-07-04 18:39:53.840 - Install path: 'D:\web_1400_lwj\dbms\oracle\resource\dbeaver-ce-23.1.1-win32.win32.x86_64\dbeaver'
2023-07-04 18:39:53.840 - Instance path: 'file:/D:/web_1400_lwj/dbms/oracle/workspace/'
2023-07-04 18:39:53.840 - Memory available 64Mb/1024Mb
2023-07-04 18:39:53.847 - Create display
> Start Eclipse IDE UI [org.eclipse.ui.ide 3.21.0.v20230526-1500]
2023-07-04 18:39:53.914 - Initializing DBeaver 23.1.1
2023-07-04 18:39:53.914 - Host plugin: org.jkiss.dbeaver.ui.app.standalone 23.1.1.202306251800
2023-07-04 18:39:53.917 - Initialize desktop platform...
2023-07-04 18:39:53.989 - BounceCastle bundle found. Use JCE provider BC
> Start Core File Systems [org.eclipse.core.filesystem 1.10.0.v20230425-0513]
> Start Core Resource Management [org.eclipse.core.resources 3.19.0.v20230510-1240]
> Start Team Support Core [org.eclipse.team.core 3.10.0.v20230317-0901]
> Start DBeaver UI Navigator [org.jkiss.dbeaver.ui.navigator 1.0.108.202306251800]
2023-07-04 18:39:54.120 - Initialize base platform...
2023-07-04 18:39:54.133 - Platform initialized (216ms)
> Start DBeaver UI Editors - Base [org.jkiss.dbeaver.ui.editors.base 1.0.108.202306251800]
2023-07-04 18:39:54.138 - Starting RMI server at 20398
2023-07-04 18:39:54.160 - Run workbench
> Start DBeaver UI [org.jkiss.dbeaver.ui 5.1.123.202306251800]
> Start Eclipse e4 Workbench SWT [org.eclipse.e4.ui.workbench.swt 0.17.0.v20230501-1823]
> Start Eclipse Application Services [org.eclipse.e4.core.services 2.4.0.v20230429-1914]
> Start Eclipse UI Application Services [org.eclipse.e4.ui.services 1.6.0.v20230501-1823]
> Start Eclipse e4 Progress View [org.eclipse.e4.ui.progress 0.4.0.v20230501-1823]
> Start Eclipse Bindings Support [org.eclipse.e4.ui.bindings 0.14.0.v20230501-1823]
> Start Eclipse e4 core commands [org.eclipse.e4.core.commands 1.1.0.v20230501-1823]
> Start EMF XML/XMI Persistence [org.eclipse.emf.ecore.xmi 2.18.0.v20230211-1150]
> Start Eclipse CSS SWT Theme Support [org.eclipse.e4.ui.css.swt.theme 0.14.0.v20230501-1533]
> Start Eclipse e4 Workbench Add-ons [org.eclipse.e4.ui.workbench.addons.swt 1.5.0.v20230501-1823]
> Start Debug Core [org.eclipse.debug.core 3.21.0.v20230508-1538]
> Start Eclipse e4 Workbench SWT Renderer [org.eclipse.e4.ui.workbench.renderers.swt 0.16.0.v20230525-0648]
> Start Equinox Java Authentication and Authorization Service (JAAS) [org.eclipse.equinox.security 1.3.1000.v20220801-1135]
> Start jna [com.sun.jna 5.13.0]
> Start Internet Connection Management UI [org.eclipse.ui.net 1.5.0.v20230317-0901]
> Start Internet Connection Management [org.eclipse.core.net 1.5.0.v20230317-0901]
> Start JSch Core [org.eclipse.jsch.core 1.5.0.v20230317-0901]
> Start Eclipse Dependency Injection Extensions [org.eclipse.e4.core.di.extensions 0.18.0.v20230429-1914]
> Start Eclipse CSS SWT Support [org.eclipse.e4.ui.css.swt 0.15.0.v20230317-0802]
2023-07-04 18:39:55.019 - Configure workbench window
> Start DBeaver SQL Model [org.jkiss.dbeaver.model.sql 1.0.98.202306251800]
2023-07-04 18:39:55.106 - Total database drivers: 104 (104)
> Start Help System Core [org.eclipse.help 3.10.0.v20230317-0802]
2023-07-04 18:39:55.155 - Create actions
2023-07-04 18:39:55.162 - Disable Eclipse action set 'org.eclipse.ui.edit.text.actionSet.annotationNavigation'
2023-07-04 18:39:55.163 - Disable Eclipse action set 'org.eclipse.ui.WorkingSetActionSet'
2023-07-04 18:39:55.163 - Disable Eclipse action set 'org.eclipse.ui.actionSet.openFiles'
2023-07-04 18:39:55.629 - Initialize workbench window
2023-07-04 18:39:55.632 - Finish initialization
> Start DBeaver UI Editors - Data [org.jkiss.dbeaver.ui.editors.data 1.0.108.202306251800]
Warning: NLS unused message: actions_navigator__objects in: org.jkiss.dbeaver.ui.editors.sql.internal.SQLEditorMessages
> Start DBeaver UI Editors - SQL [org.jkiss.dbeaver.ui.editors.sql 1.0.108.202306251800]
> Start GEF Classic Draw2d [org.eclipse.draw2d 3.13.0.202306071707]
> Start GEF Classic GEF (MVC) [org.eclipse.gef 3.14.0.202306071707]
> Start DBeaver ERD UI [org.jkiss.dbeaver.erd.ui 3.0.68.202306251800]
> Start DBeaver ERD Model [org.jkiss.dbeaver.erd.model 1.0.68.202306251800]
> Start Bundle-Name [org.jkiss.dbeaver.model.jdbc 1.0.1.202306251800]
> Start DBeaver Oracle Support [org.jkiss.dbeaver.ext.oracle 2.1.193.202306251800]
> Start Default Text Editor [org.eclipse.ui.editors 3.16.0.v20230329-1609]
> Start Text Editor Framework [org.eclipse.ui.workbench.texteditor 3.17.0.v20230316-1200]
> Start DBeaver Sample Database [org.jkiss.dbeaver.ext.sample.database 1.0.145.202306251800]
> Start DBeaver Tip of the day [org.jkiss.dbeaver.ext.ui.tipoftheday 1.0.114.202306251800]
2023-07-04 18:39:55.974 - Error loading columns configuration
org.jkiss.utils.xml.XMLException: Document parse error (line 81, pos 2)
	at org.jkiss.utils.xml.SAXReader.parse(SAXReader.java:115)
	at org.jkiss.dbeaver.ui.controls.ViewerColumnRegistry.loadConfiguration(ViewerColumnRegistry.java:114)
	at org.jkiss.dbeaver.ui.controls.ViewerColumnRegistry.<init>(ViewerColumnRegistry.java:84)
	at org.jkiss.dbeaver.ui.controls.ViewerColumnRegistry.getInstance(ViewerColumnRegistry.java:51)
	at org.jkiss.dbeaver.ui.controls.ViewerColumnController.readColumnsConfiguration(ViewerColumnController.java:542)
	at org.jkiss.dbeaver.ui.controls.ViewerColumnController.createColumns(ViewerColumnController.java:283)
	at org.jkiss.dbeaver.ui.navigator.project.ProjectExplorerView.lambda$1(ProjectExplorerView.java:281)
	at org.eclipse.swt.widgets.RunnableLock.run(RunnableLock.java:40)
	at org.eclipse.swt.widgets.Synchronizer.runAsyncMessages(Synchronizer.java:132)
	at org.eclipse.swt.widgets.Display.runAsyncMessages(Display.java:4047)
	at org.eclipse.swt.widgets.Display.readAndDispatch(Display.java:3663)
	at org.eclipse.e4.ui.internal.workbench.swt.PartRenderingEngine$5.run(PartRenderingEngine.java:1155)
	at org.eclipse.core.databinding.observable.Realm.runWithDefault(Realm.java:338)
	at org.eclipse.e4.ui.internal.workbench.swt.PartRenderingEngine.run(PartRenderingEngine.java:1046)
	at org.eclipse.e4.ui.internal.workbench.E4Workbench.createAndRunUI(E4Workbench.java:155)
	at org.eclipse.ui.internal.Workbench.lambda$3(Workbench.java:643)
	at org.eclipse.core.databinding.observable.Realm.runWithDefault(Realm.java:338)
	at org.eclipse.ui.internal.Workbench.createAndRunWorkbench(Workbench.java:550)
	at org.eclipse.ui.PlatformUI.createAndRunWorkbench(PlatformUI.java:171)
	at org.jkiss.dbeaver.ui.app.standalone.DBeaverApplication.start(DBeaverApplication.java:279)
	at org.eclipse.equinox.internal.app.EclipseAppHandle.run(EclipseAppHandle.java:203)
	at org.eclipse.core.runtime.internal.adaptor.EclipseAppLauncher.runApplication(EclipseAppLauncher.java:136)
	at org.eclipse.core.runtime.internal.adaptor.EclipseAppLauncher.start(EclipseAppLauncher.java:104)
	at org.eclipse.core.runtime.adaptor.EclipseStarter.run(EclipseStarter.java:402)
	at org.eclipse.core.runtime.adaptor.EclipseStarter.run(EclipseStarter.java:255)
	at java.base/jdk.internal.reflect.NativeMethodAccessorImpl.invoke0(Native Method)
	at java.base/jdk.internal.reflect.NativeMethodAccessorImpl.invoke(Unknown Source)
	at java.base/jdk.internal.reflect.DelegatingMethodAccessorImpl.invoke(Unknown Source)
	at java.base/java.lang.reflect.Method.invoke(Unknown Source)
	at org.eclipse.equinox.launcher.Main.invokeFramework(Main.java:659)
	at org.eclipse.equinox.launcher.Main.basicRun(Main.java:596)
	at org.eclipse.equinox.launcher.Main.run(Main.java:1467)
Caused by: org.xml.sax.SAXParseException; lineNumber: 81; columnNumber: 2; 요소 콘텐츠는 올바른 형식의 문자 데이터 또는 마크업으로 구성되어야 합니다.
	at java.xml/com.sun.org.apache.xerces.internal.parsers.AbstractSAXParser.parse(Unknown Source)
	at java.xml/com.sun.org.apache.xerces.internal.jaxp.SAXParserImpl$JAXPSAXParser.parse(Unknown Source)
	at org.jkiss.utils.xml.SAXReader.parse(SAXReader.java:113)
	... 31 more
> Start DBeaver Tasks - Native Tools UI [org.jkiss.dbeaver.tasks.native.ui 1.0.86.202306251800]
> Start DBeaver Oracle UI [org.jkiss.dbeaver.ext.oracle.ui 1.0.95.202306251800]
> Start DBeaver Tasks - General UI [org.jkiss.dbeaver.tasks.ui 1.0.86.202306251800]
> Start DBeaver SQL Terminal [org.jkiss.dbeaver.ui.editors.sql.terminal 1.0.84.202306251800]
> Start Core Compare Support [org.eclipse.compare.core 3.8.0.v20230517-1315]
> Start Console [org.eclipse.ui.console 3.12.0.v20230317-0802]
> Start DBeaver SQL Language Semantic Model [org.jkiss.dbeaver.model.lsm 1.0.3.202306251800]
2023-07-04 18:40:11.918 - Connect with 'localhost' (oracle_thin-188fff48295-1e59d20336071d5a)
2023-07-04 18:40:11.936 - Execution context opened (localhost; Main; 0)
2023-07-04 18:40:12.110 - Execution context opened (localhost; Metadata; 1)
2023-07-04 18:40:12.143 - Connected (oracle_thin-188fff48295-1e59d20336071d5a, Oracle JDBC driver [11.2.0.2.0])
2023-07-04 18:40:12.151 - Execution context opened (localhost; SQLEditor <day06.sql>; 2)
2023-07-04 18:40:22.387 - Connect with 'localhost' (oracle_thin-1891a23c133-56a539d25a51ce46)
2023-07-04 18:40:22.387 - Execution context opened (localhost; Main; 3)
2023-07-04 18:40:22.407 - Execution context opened (localhost; Metadata; 4)
2023-07-04 18:40:22.429 - Connected (oracle_thin-1891a23c133-56a539d25a51ce46, Oracle JDBC driver [11.2.0.2.0])
2023-07-04 18:40:22.437 - Execution context opened (localhost; SQLEditor <MyScript.sql>; 5)
2023-07-04 18:40:47.780 - No active connection
2023-07-04 18:40:49.628 - No active connection
2023-07-04 18:41:04.255 - Error binding callable statement parameters from metadata: 지원되지 않는 기능입니다
2023-07-04 18:41:04.256 - Error obtaining output parameters from metadata: 지원되지 않는 기능입니다
2023-07-04 18:41:04.256 - Can't obtain procedure metadata nor jdbc metadata
2023-07-04 18:41:04.414 - SQL Error [922] [42000]: ORA-00922: missing or invalid option


Error position: line: 447 pos: 196
org.jkiss.dbeaver.model.sql.DBSQLException: SQL Error [922] [42000]: ORA-00922: missing or invalid option

	at org.jkiss.dbeaver.model.impl.jdbc.exec.JDBCStatementImpl.executeStatement(JDBCStatementImpl.java:133)
	at org.jkiss.dbeaver.ui.editors.sql.execute.SQLQueryJob.executeStatement(SQLQueryJob.java:582)
	at org.jkiss.dbeaver.ui.editors.sql.execute.SQLQueryJob.lambda$1(SQLQueryJob.java:491)
	at org.jkiss.dbeaver.model.exec.DBExecUtils.tryExecuteRecover(DBExecUtils.java:189)
	at org.jkiss.dbeaver.ui.editors.sql.execute.SQLQueryJob.executeSingleQuery(SQLQueryJob.java:498)
	at org.jkiss.dbeaver.ui.editors.sql.execute.SQLQueryJob.extractData(SQLQueryJob.java:934)
	at org.jkiss.dbeaver.ui.editors.sql.SQLEditor$QueryResultsContainer.readData(SQLEditor.java:3919)
	at org.jkiss.dbeaver.ui.controls.resultset.ResultSetJobDataRead.lambda$0(ResultSetJobDataRead.java:123)
	at org.jkiss.dbeaver.model.exec.DBExecUtils.tryExecuteRecover(DBExecUtils.java:189)
	at org.jkiss.dbeaver.ui.controls.resultset.ResultSetJobDataRead.run(ResultSetJobDataRead.java:121)
	at org.jkiss.dbeaver.ui.controls.resultset.ResultSetViewer$ResultSetDataPumpJob.run(ResultSetViewer.java:5101)
	at org.jkiss.dbeaver.model.runtime.AbstractJob.run(AbstractJob.java:105)
	at org.eclipse.core.internal.jobs.Worker.run(Worker.java:63)
Caused by: java.sql.SQLSyntaxErrorException: ORA-00922: missing or invalid option

	at oracle.jdbc.driver.T4CTTIoer.processError(T4CTTIoer.java:440)
	at oracle.jdbc.driver.T4CTTIoer.processError(T4CTTIoer.java:396)
	at oracle.jdbc.driver.T4C8Oall.processError(T4C8Oall.java:837)
	at oracle.jdbc.driver.T4CTTIfun.receive(T4CTTIfun.java:445)
	at oracle.jdbc.driver.T4CTTIfun.doRPC(T4CTTIfun.java:191)
	at oracle.jdbc.driver.T4C8Oall.doOALL(T4C8Oall.java:523)
	at oracle.jdbc.driver.T4CStatement.doOall8(T4CStatement.java:193)
	at oracle.jdbc.driver.T4CStatement.executeForRows(T4CStatement.java:999)
	at oracle.jdbc.driver.OracleStatement.doExecuteWithTimeout(OracleStatement.java:1315)
	at oracle.jdbc.driver.OracleStatement.executeInternal(OracleStatement.java:1890)
	at oracle.jdbc.driver.OracleStatement.execute(OracleStatement.java:1855)
	at oracle.jdbc.driver.OracleStatementWrapper.execute(OracleStatementWrapper.java:304)
	at org.jkiss.dbeaver.model.impl.jdbc.exec.JDBCStatementImpl.execute(JDBCStatementImpl.java:330)
	at org.jkiss.dbeaver.model.impl.jdbc.exec.JDBCStatementImpl.executeStatement(JDBCStatementImpl.java:131)
	... 12 more
2023-07-04 18:41:29.321 - No active connection
2023-07-04 18:41:33.609 - Connect with 'localhost' (oracle_thin-1891f5b0bdf-7ec99e5e4bf67e37)
2023-07-04 18:41:33.610 - Execution context opened (localhost; Main; 6)
2023-07-04 18:41:33.633 - Execution context opened (localhost; Metadata; 7)
2023-07-04 18:41:33.646 - Connected (oracle_thin-1891f5b0bdf-7ec99e5e4bf67e37, Oracle JDBC driver [11.2.0.2.0])
2023-07-04 18:41:33.653 - Execution context opened (localhost; SQLEditor <Script-1.sql>; 8)
2023-07-04 19:01:09.215 - File already exists on disk: D:\web_1400_lwj\dbms\oracle\workspace\classroom\Scripts\day07.sql.
2023-07-04 19:01:15.712 - Resource '/classroom/Scripts/day07.sql' already exists.
java.lang.Exception: Resource '/classroom/Scripts/day07.sql' already exists.
	at org.eclipse.core.internal.resources.ResourceException.provideStackTrace(ResourceException.java:42)
	at org.eclipse.core.internal.resources.ResourceException.<init>(ResourceException.java:38)
	at org.eclipse.core.internal.resources.Resource.checkDoesNotExist(Resource.java:309)
	at org.eclipse.core.internal.resources.Resource.checkDoesNotExist(Resource.java:296)
	at org.eclipse.core.internal.resources.Resource.checkMoveRequirements(Resource.java:385)
	at org.eclipse.core.internal.resources.Resource.assertMoveRequirements(Resource.java:195)
	at org.eclipse.core.internal.resources.Resource.move(Resource.java:1501)
	at org.eclipse.core.internal.resources.Resource.move(Resource.java:1485)
	at org.jkiss.dbeaver.model.navigator.DBNResource.rename(DBNResource.java:375)
	at org.jkiss.dbeaver.ui.navigator.actions.NavigatorHandlerObjectRename.renameNode(NavigatorHandlerObjectRename.java:84)
	at org.jkiss.dbeaver.ui.navigator.actions.NavigatorHandlerObjectRename.execute(NavigatorHandlerObjectRename.java:61)
	at org.eclipse.ui.internal.handlers.HandlerProxy.execute(HandlerProxy.java:283)
	at org.eclipse.ui.internal.handlers.E4HandlerProxy.execute(E4HandlerProxy.java:97)
	at jdk.internal.reflect.GeneratedMethodAccessor75.invoke(Unknown Source)
	at java.base/jdk.internal.reflect.DelegatingMethodAccessorImpl.invoke(Unknown Source)
	at java.base/java.lang.reflect.Method.invoke(Unknown Source)
	at org.eclipse.e4.core.internal.di.MethodRequestor.execute(MethodRequestor.java:58)
	at org.eclipse.e4.core.internal.di.InjectorImpl.invokeUsingClass(InjectorImpl.java:309)
	at org.eclipse.e4.core.internal.di.InjectorImpl.invoke(InjectorImpl.java:243)
	at org.eclipse.e4.core.contexts.ContextInjectionFactory.invoke(ContextInjectionFactory.java:173)
	at org.eclipse.e4.core.commands.internal.HandlerServiceHandler.execute(HandlerServiceHandler.java:156)
	at org.eclipse.core.commands.Command.executeWithChecks(Command.java:488)
	at org.eclipse.core.commands.ParameterizedCommand.executeWithChecks(ParameterizedCommand.java:485)
	at org.eclipse.e4.core.commands.internal.HandlerServiceImpl.executeHandler(HandlerServiceImpl.java:213)
	at org.eclipse.e4.ui.bindings.keys.KeyBindingDispatcher.executeCommand(KeyBindingDispatcher.java:308)
	at org.eclipse.e4.ui.bindings.keys.KeyBindingDispatcher.press(KeyBindingDispatcher.java:580)
	at org.eclipse.e4.ui.bindings.keys.KeyBindingDispatcher.processKeyEvent(KeyBindingDispatcher.java:655)
	at org.eclipse.e4.ui.bindings.keys.KeyBindingDispatcher.filterKeySequenceBindings(KeyBindingDispatcher.java:439)
	at org.eclipse.e4.ui.bindings.keys.KeyBindingDispatcher$KeyDownFilter.handleEvent(KeyBindingDispatcher.java:96)
	at org.eclipse.swt.widgets.EventTable.sendEvent(EventTable.java:89)
	at org.eclipse.swt.widgets.Display.filterEvent(Display.java:1286)
	at org.eclipse.swt.widgets.Widget.sendEvent(Widget.java:1065)
	at org.eclipse.swt.widgets.Widget.sendEvent(Widget.java:1090)
	at org.eclipse.swt.widgets.Widget.sendEvent(Widget.java:1075)
	at org.eclipse.swt.widgets.Widget.sendKeyEvent(Widget.java:1117)
	at org.eclipse.swt.widgets.Widget.sendKeyEvent(Widget.java:1113)
	at org.eclipse.swt.widgets.Widget.wmKeyDown(Widget.java:1840)
	at org.eclipse.swt.widgets.Control.WM_KEYDOWN(Control.java:5152)
	at org.eclipse.swt.widgets.Tree.WM_KEYDOWN(Tree.java:6274)
	at org.eclipse.swt.widgets.Control.windowProc(Control.java:4775)
	at org.eclipse.swt.widgets.Tree.windowProc(Tree.java:6142)
	at org.eclipse.swt.widgets.Display.windowProc(Display.java:5040)
	at org.eclipse.swt.internal.win32.OS.DispatchMessage(Native Method)
	at org.eclipse.swt.widgets.Display.readAndDispatch(Display.java:3658)
	at org.eclipse.e4.ui.internal.workbench.swt.PartRenderingEngine$5.run(PartRenderingEngine.java:1155)
	at org.eclipse.core.databinding.observable.Realm.runWithDefault(Realm.java:338)
	at org.eclipse.e4.ui.internal.workbench.swt.PartRenderingEngine.run(PartRenderingEngine.java:1046)
	at org.eclipse.e4.ui.internal.workbench.E4Workbench.createAndRunUI(E4Workbench.java:155)
	at org.eclipse.ui.internal.Workbench.lambda$3(Workbench.java:643)
	at org.eclipse.core.databinding.observable.Realm.runWithDefault(Realm.java:338)
	at org.eclipse.ui.internal.Workbench.createAndRunWorkbench(Workbench.java:550)
	at org.eclipse.ui.PlatformUI.createAndRunWorkbench(PlatformUI.java:171)
	at org.jkiss.dbeaver.ui.app.standalone.DBeaverApplication.start(DBeaverApplication.java:279)
	at org.eclipse.equinox.internal.app.EclipseAppHandle.run(EclipseAppHandle.java:203)
	at org.eclipse.core.runtime.internal.adaptor.EclipseAppLauncher.runApplication(EclipseAppLauncher.java:136)
	at org.eclipse.core.runtime.internal.adaptor.EclipseAppLauncher.start(EclipseAppLauncher.java:104)
	at org.eclipse.core.runtime.adaptor.EclipseStarter.run(EclipseStarter.java:402)
	at org.eclipse.core.runtime.adaptor.EclipseStarter.run(EclipseStarter.java:255)
	at java.base/jdk.internal.reflect.NativeMethodAccessorImpl.invoke0(Native Method)
	at java.base/jdk.internal.reflect.NativeMethodAccessorImpl.invoke(Unknown Source)
	at java.base/jdk.internal.reflect.DelegatingMethodAccessorImpl.invoke(Unknown Source)
	at java.base/java.lang.reflect.Method.invoke(Unknown Source)
	at org.eclipse.equinox.launcher.Main.invokeFramework(Main.java:659)
	at org.eclipse.equinox.launcher.Main.basicRun(Main.java:596)
	at org.eclipse.equinox.launcher.Main.run(Main.java:1467)
2023-07-04 19:01:23.563 - Execution context opened (localhost; SQLEditor <day07.sql>; 9)
2023-07-04 19:02:42.611 - Execution context closed (localhost, 2)
2023-07-04 19:02:42.632 - Execution context closed (localhost, 5)
2023-07-04 19:02:42.679 - Delete empty SQL script '\classroom\Scripts\day08.sql'
2023-07-04 19:02:42.680 - Execution context closed (localhost, 8)
2023-07-04 19:03:08.228 - Execution context opened (localhost; SQLEditor <Script.sql>; 10)
2023-07-04 19:03:14.638 - Execution context opened (localhost; SQLEditor <Script-1.sql>; 11)
2023-07-04 19:03:36.660 - Execution context closed (localhost, 9)
2023-07-04 19:03:36.676 - Execution context closed (localhost, 10)
2023-07-04 19:03:36.695 - Execution context closed (localhost, 11)
2023-07-04 19:03:48.784 - No active connection
2023-07-04 19:03:50.457 - No active connection
2023-07-04 19:03:52.458 - No active connection
2023-07-04 19:03:55.370 - Execution context opened (localhost; SQLEditor <day08.sql>; 12)
2023-07-04 19:03:59.919 - SQL Error [1] [23000]: ORA-00001: unique constraint (HR.SYS_C007012) violated

org.jkiss.dbeaver.model.sql.DBSQLException: SQL Error [1] [23000]: ORA-00001: unique constraint (HR.SYS_C007012) violated

	at org.jkiss.dbeaver.model.impl.jdbc.exec.JDBCStatementImpl.executeStatement(JDBCStatementImpl.java:133)
	at org.jkiss.dbeaver.ui.editors.sql.execute.SQLQueryJob.executeStatement(SQLQueryJob.java:582)
	at org.jkiss.dbeaver.ui.editors.sql.execute.SQLQueryJob.lambda$1(SQLQueryJob.java:491)
	at org.jkiss.dbeaver.ui.editors.sql.execute.SQLQueryJob.executeSingleQuery(SQLQueryJob.java:501)
	at org.jkiss.dbeaver.ui.editors.sql.execute.SQLQueryJob.extractData(SQLQueryJob.java:934)
	at org.jkiss.dbeaver.ui.editors.sql.SQLEditor$QueryResultsContainer.readData(SQLEditor.java:3919)
	at org.jkiss.dbeaver.ui.controls.resultset.ResultSetJobDataRead.lambda$0(ResultSetJobDataRead.java:123)
	at org.jkiss.dbeaver.model.exec.DBExecUtils.tryExecuteRecover(DBExecUtils.java:189)
	at org.jkiss.dbeaver.ui.controls.resultset.ResultSetJobDataRead.run(ResultSetJobDataRead.java:121)
	at org.jkiss.dbeaver.ui.controls.resultset.ResultSetViewer$ResultSetDataPumpJob.run(ResultSetViewer.java:5101)
	at org.jkiss.dbeaver.model.runtime.AbstractJob.run(AbstractJob.java:105)
	at org.eclipse.core.internal.jobs.Worker.run(Worker.java:63)
Caused by: java.sql.SQLIntegrityConstraintViolationException: ORA-00001: unique constraint (HR.SYS_C007012) violated

	at oracle.jdbc.driver.T4CTTIoer.processError(T4CTTIoer.java:440)
	at oracle.jdbc.driver.T4CTTIoer.processError(T4CTTIoer.java:396)
	at oracle.jdbc.driver.T4C8Oall.processError(T4C8Oall.java:837)
	at oracle.jdbc.driver.T4CTTIfun.receive(T4CTTIfun.java:445)
	at oracle.jdbc.driver.T4CTTIfun.doRPC(T4CTTIfun.java:191)
	at oracle.jdbc.driver.T4C8Oall.doOALL(T4C8Oall.java:523)
	at oracle.jdbc.driver.T4CStatement.doOall8(T4CStatement.java:193)
	at oracle.jdbc.driver.T4CStatement.executeForRows(T4CStatement.java:999)
	at oracle.jdbc.driver.OracleStatement.doExecuteWithTimeout(OracleStatement.java:1315)
	at oracle.jdbc.driver.OracleStatement.executeInternal(OracleStatement.java:1890)
	at oracle.jdbc.driver.OracleStatement.execute(OracleStatement.java:1855)
	at oracle.jdbc.driver.OracleStatementWrapper.execute(OracleStatementWrapper.java:304)
	at org.jkiss.dbeaver.model.impl.jdbc.exec.JDBCStatementImpl.execute(JDBCStatementImpl.java:330)
	at org.jkiss.dbeaver.model.impl.jdbc.exec.JDBCStatementImpl.executeStatement(JDBCStatementImpl.java:131)
	... 11 more
2023-07-04 19:05:38.119 - Connect with 'localhost' (oracle_thin-188f633d33e-896f3c506af8964)
2023-07-04 19:05:38.120 - Execution context opened (localhost; Main; 13)
2023-07-04 19:05:38.131 - Execution context opened (localhost; Metadata; 14)
2023-07-04 19:05:38.143 - Connected (oracle_thin-188f633d33e-896f3c506af8964, Oracle JDBC driver [11.2.0.2.0])
2023-07-04 19:05:38.149 - Execution context opened (localhost; SQLEditor <alias.sql>; 15)
2023-07-04 19:05:38.967 - Execution context opened (localhost; SQLEditor <orderbyTest.sql>; 16)
2023-07-04 19:05:40.156 - Execution context opened (localhost; SQLEditor <orderbyTest2.sql>; 17)
2023-07-04 19:05:40.964 - Execution context opened (localhost; SQLEditor <selectTest.sql>; 18)
2023-07-04 19:05:57.986 - Execution context closed (localhost, 12)
2023-07-04 19:05:58.002 - Execution context closed (localhost, 15)
2023-07-04 19:05:58.019 - Execution context closed (localhost, 16)
2023-07-04 19:05:58.035 - Execution context closed (localhost, 17)
2023-07-04 19:05:58.053 - Execution context closed (localhost, 18)
2023-07-04 19:06:01.519 - DBeaver is stopping
2023-07-04 19:06:01.520 - Stop RMI server
2023-07-04 19:06:01.521 - RMI controller has been stopped
2023-07-04 19:06:01.521 - DBeaver shutdown completed
