2023-06-26 14:31:22.701 - DBeaver 23.1.1.202306251800 is starting
2023-06-26 14:31:22.701 - OS: Windows 10 10.0 (amd64)
2023-06-26 14:31:22.701 - Java version: 17.0.6 by Eclipse Adoptium (64bit)
2023-06-26 14:31:22.701 - Install path: 'D:\web_1400_lwj\dbms\oracle\resource\dbeaver-ce-23.1.1-win32.win32.x86_64\dbeaver'
2023-06-26 14:31:22.701 - Instance path: 'file:/D:/web_1400_lwj/dbms/oracle/workspace/'
2023-06-26 14:31:22.702 - Memory available 64Mb/1024Mb
2023-06-26 14:31:22.712 - Create display
> Start Eclipse IDE UI [org.eclipse.ui.ide 3.21.0.v20230526-1500]
2023-06-26 14:31:22.791 - Initializing DBeaver 23.1.1
2023-06-26 14:31:22.792 - Host plugin: org.jkiss.dbeaver.ui.app.standalone 23.1.1.202306251800
2023-06-26 14:31:22.792 - Initialize desktop platform...
2023-06-26 14:31:22.875 - BounceCastle bundle found. Use JCE provider BC
> Start Core File Systems [org.eclipse.core.filesystem 1.10.0.v20230425-0513]
> Start Core Resource Management [org.eclipse.core.resources 3.19.0.v20230510-1240]
> Start Team Support Core [org.eclipse.team.core 3.10.0.v20230317-0901]
> Start DBeaver UI Navigator [org.jkiss.dbeaver.ui.navigator 1.0.108.202306251800]
2023-06-26 14:31:22.961 - 
2023-06-26 14:31:22.961 - 	Refreshing workspace.
2023-06-26 14:31:22.962 - Refreshing workspace contents
2023-06-26 14:31:23.027 - Initialize base platform...
2023-06-26 14:31:23.040 - Platform initialized (248ms)
> Start DBeaver UI Editors - Base [org.jkiss.dbeaver.ui.editors.base 1.0.108.202306251800]
2023-06-26 14:31:23.047 - Starting RMI server at 24916
2023-06-26 14:31:23.071 - Run workbench
> Start DBeaver UI [org.jkiss.dbeaver.ui 5.1.123.202306251800]
> Start Eclipse e4 Workbench SWT [org.eclipse.e4.ui.workbench.swt 0.17.0.v20230501-1823]
> Start Eclipse Application Services [org.eclipse.e4.core.services 2.4.0.v20230429-1914]
> Start Eclipse UI Application Services [org.eclipse.e4.ui.services 1.6.0.v20230501-1823]
> Start Eclipse e4 Progress View [org.eclipse.e4.ui.progress 0.4.0.v20230501-1823]
> Start Eclipse Bindings Support [org.eclipse.e4.ui.bindings 0.14.0.v20230501-1823]
> Start Eclipse e4 core commands [org.eclipse.e4.core.commands 1.1.0.v20230501-1823]
> Start EMF XML/XMI Persistence [org.eclipse.emf.ecore.xmi 2.18.0.v20230211-1150]
> Start Eclipse CSS SWT Theme Support [org.eclipse.e4.ui.css.swt.theme 0.14.0.v20230501-1533]
> Start Eclipse e4 Workbench Add-ons [org.eclipse.e4.ui.workbench.addons.swt 1.5.0.v20230501-1823]
> Start Eclipse e4 Workbench SWT Renderer [org.eclipse.e4.ui.workbench.renderers.swt 0.16.0.v20230525-0648]
> Start Eclipse Dependency Injection Extensions [org.eclipse.e4.core.di.extensions 0.18.0.v20230429-1914]
> Start Eclipse CSS SWT Support [org.eclipse.e4.ui.css.swt 0.15.0.v20230317-0802]
> Start jna [com.sun.jna 5.13.0]
2023-06-26 14:31:23.933 - Configure workbench window
> Start DBeaver SQL Model [org.jkiss.dbeaver.model.sql 1.0.98.202306251800]
2023-06-26 14:31:24.043 - Total database drivers: 104 (104)
> Start Help System Core [org.eclipse.help 3.10.0.v20230317-0802]
2023-06-26 14:31:24.097 - Create actions
2023-06-26 14:31:24.103 - Disable Eclipse action set 'org.eclipse.ui.edit.text.actionSet.annotationNavigation'
2023-06-26 14:31:24.103 - Disable Eclipse action set 'org.eclipse.ui.WorkingSetActionSet'
2023-06-26 14:31:24.104 - Disable Eclipse action set 'org.eclipse.ui.actionSet.openFiles'
2023-06-26 14:31:24.625 - Initialize workbench window
2023-06-26 14:31:24.628 - Finish initialization
> Start DBeaver UI Editors - Data [org.jkiss.dbeaver.ui.editors.data 1.0.108.202306251800]
> Start Equinox Java Authentication and Authorization Service (JAAS) [org.eclipse.equinox.security 1.3.1000.v20220801-1135]
> Start Internet Connection Management UI [org.eclipse.ui.net 1.5.0.v20230317-0901]
> Start Internet Connection Management [org.eclipse.core.net 1.5.0.v20230317-0901]
> Start GEF Classic Draw2d [org.eclipse.draw2d 3.13.0.202306071707]
> Start GEF Classic GEF (MVC) [org.eclipse.gef 3.14.0.202306071707]
> Start DBeaver ERD UI [org.jkiss.dbeaver.erd.ui 3.0.68.202306251800]
> Start DBeaver ERD Model [org.jkiss.dbeaver.erd.model 1.0.68.202306251800]
Warning: NLS unused message: actions_navigator__objects in: org.jkiss.dbeaver.ui.editors.sql.internal.SQLEditorMessages
> Start DBeaver UI Editors - SQL [org.jkiss.dbeaver.ui.editors.sql 1.0.108.202306251800]
> Start Default Text Editor [org.eclipse.ui.editors 3.16.0.v20230329-1609]
> Start Text Editor Framework [org.eclipse.ui.workbench.texteditor 3.17.0.v20230316-1200]
> Start DBeaver Sample Database [org.jkiss.dbeaver.ext.sample.database 1.0.145.202306251800]
> Start DBeaver Tip of the day [org.jkiss.dbeaver.ext.ui.tipoftheday 1.0.114.202306251800]
2023-06-26 14:31:27.746 - Open [https://dbeaver.io/product/version.xml]
> Start DBeaver UI Editors - Connections [org.jkiss.dbeaver.ui.editors.connection 1.0.99.202306251800]
> Start DBeaver Oracle UI [org.jkiss.dbeaver.ext.oracle.ui 1.0.95.202306251800]
> Start DBeaver Oracle Support [org.jkiss.dbeaver.ext.oracle 2.1.193.202306251800]
> Start Bundle-Name [org.jkiss.dbeaver.model.jdbc 1.0.1.202306251800]
2023-06-26 14:36:05.784 - Unrecognized Oracle client version at D:/web_1400_lwj/dbms/oracle/resource/dbeaver-ce-23.1.1-win32.win32.x86_64/dbeaver/jre
2023-06-26 14:36:05.851 - Auth model 'native' was replaced by 'oracle_native'
2023-06-26 14:36:05.867 - Service 'org.jkiss.dbeaver.runtime.ui.UIServiceSecurity' not found
2023-06-26 14:45:31.601 - Open [https://repo1.maven.org/maven2/com/oracle/database/jdbc/ojdbc8/12.2.0.1/ojdbc8-12.2.0.1.pom]
2023-06-26 14:45:32.257 - Open [https://repo1.maven.org/maven2/com/oracle/database/jdbc/ucp/12.2.0.1/ucp-12.2.0.1.pom]
2023-06-26 14:45:32.416 - Open [https://repo1.maven.org/maven2/com/oracle/database/security/oraclepki/12.2.0.1/oraclepki-12.2.0.1.pom]
2023-06-26 14:45:32.580 - Open [https://repo1.maven.org/maven2/com/oracle/database/security/osdt_cert/12.2.0.1/osdt_cert-12.2.0.1.pom]
2023-06-26 14:45:32.748 - Open [https://repo1.maven.org/maven2/com/oracle/database/security/osdt_core/12.2.0.1/osdt_core-12.2.0.1.pom]
2023-06-26 14:45:32.912 - Open [https://repo1.maven.org/maven2/com/oracle/database/ha/simplefan/12.2.0.1/simplefan-12.2.0.1.pom]
2023-06-26 14:45:33.094 - Open [https://repo1.maven.org/maven2/com/oracle/database/ha/ons/12.2.0.1/ons-12.2.0.1.pom]
2023-06-26 14:45:33.260 - Open [https://repo1.maven.org/maven2/com/oracle/database/nls/orai18n/12.2.0.1/orai18n-12.2.0.1.pom]
2023-06-26 14:45:33.427 - Open [https://repo1.maven.org/maven2/com/oracle/database/xml/xdb6/12.2.0.1/xdb6-12.2.0.1.pom]
2023-06-26 14:45:33.589 - Open [https://repo1.maven.org/maven2/com/oracle/database/xml/xmlparserv2/12.2.0.1/xmlparserv2-12.2.0.1.pom]
2023-06-26 14:45:36.027 - Can't load driver properties
org.jkiss.dbeaver.DBException: Error creating driver 'Oracle' instance.
Most likely required jar files are missing.
You should configure jars in driver settings.

Reason: can't load driver class 'oracle.jdbc.OracleDriver'
	at org.jkiss.dbeaver.registry.driver.DriverDescriptor.loadDriver(DriverDescriptor.java:1225)
	at org.jkiss.dbeaver.registry.driver.DriverDescriptor.loadDriver(DriverDescriptor.java:1159)
	at org.jkiss.dbeaver.registry.driver.DriverDescriptor.getDriverInstance(DriverDescriptor.java:712)
	at org.jkiss.dbeaver.model.impl.jdbc.JDBCDataSourceProvider.getConnectionProperties(JDBCDataSourceProvider.java:63)
	at org.jkiss.dbeaver.ui.dialogs.connection.ConnectionPropertiesControl.loadDriverProperties(ConnectionPropertiesControl.java:164)
	at org.jkiss.dbeaver.ui.dialogs.connection.ConnectionPropertiesControl.makeProperties(ConnectionPropertiesControl.java:85)
	at org.jkiss.dbeaver.ui.dialogs.connection.DriverPropertiesDialogPage.lambda$0(DriverPropertiesDialogPage.java:89)
	at org.jkiss.dbeaver.runtime.RunnableContextDelegate.lambda$0(RunnableContextDelegate.java:39)
	at org.eclipse.jface.operation.ModalContext$ModalContextThread.run(ModalContext.java:122)
Caused by: java.lang.ClassNotFoundException: oracle.jdbc.OracleDriver
	at java.base/java.net.URLClassLoader.findClass(Unknown Source)
	at java.base/java.lang.ClassLoader.loadClass(Unknown Source)
	at java.base/java.lang.ClassLoader.loadClass(Unknown Source)
	at java.base/java.lang.Class.forName0(Native Method)
	at java.base/java.lang.Class.forName(Unknown Source)
	at org.jkiss.dbeaver.registry.driver.DriverDescriptor.loadDriver(DriverDescriptor.java:1223)
	... 8 more
2023-06-26 14:49:08.976 - Connect with 'jdbc:oracle:thin:@//192.168.7.10:1521/XE' (oracle_thin-188f63fafdf-425630ea5d8317b0)
2023-06-26 14:49:08.995 - Execution context opened (jdbc:oracle:thin:@//192.168.7.10:1521/XE; Main; 0)
2023-06-26 14:49:09.247 - Connected (oracle_thin-188f63fafdf-425630ea5d8317b0, Oracle JDBC driver [11.2.0.2.0])
2023-06-26 14:49:09.300 - Execution context closed (jdbc:oracle:thin:@//192.168.7.10:1521/XE, 0)
2023-06-26 14:49:09.300 - Disconnected (oracle_thin-188f63fafdf-425630ea5d8317b0)
2023-06-26 15:32:37.393 - Connect with 'localhost' (oracle_thin-188f633bc94-39e203ed96b02144)
2023-06-26 15:32:37.395 - Execution context opened (localhost; Main; 1)
2023-06-26 15:32:37.408 - Execution context opened (localhost; Metadata; 2)
2023-06-26 15:32:37.423 - Connected (oracle_thin-188f633bc94-39e203ed96b02144, Oracle JDBC driver [11.2.0.2.0])
2023-06-26 15:32:52.111 - Can't get column 'EXTERNAL_NAME': 부적합한 열 이름
2023-06-26 15:32:52.111 - Can't get column 'ACCOUNT_STATUS': 부적합한 열 이름
2023-06-26 15:32:52.111 - Can't get column 'LOCK_DATE': 부적합한 열 이름
2023-06-26 15:32:52.111 - Can't get column 'EXPIRY_DATE': 부적합한 열 이름
2023-06-26 15:32:52.111 - Can't get column 'DEFAULT_TABLESPACE': 부적합한 열 이름
2023-06-26 15:32:52.111 - Can't get column 'TEMPORARY_TABLESPACE': 부적합한 열 이름
2023-06-26 15:32:52.111 - Can't get column 'PROFILE': 부적합한 열 이름
2023-06-26 15:32:52.112 - Can't get column 'INITIAL_RSRC_CONSUMER_GROUP': 부적합한 열 이름
> Start DBeaver SQL Terminal [org.jkiss.dbeaver.ui.editors.sql.terminal 1.0.84.202306251800]
> Start Core Compare Support [org.eclipse.compare.core 3.8.0.v20230517-1315]
> Start Console [org.eclipse.ui.console 3.12.0.v20230317-0802]
> Start Debug Core [org.eclipse.debug.core 3.21.0.v20230508-1538]
2023-06-26 16:16:36.983 - Execution context opened (localhost; SQLEditor <Script.sql>; 3)
> Start DBeaver Tasks - Native Tools UI [org.jkiss.dbeaver.tasks.native.ui 1.0.86.202306251800]
> Start DBeaver Tasks - General UI [org.jkiss.dbeaver.tasks.ui 1.0.86.202306251800]
> Start DBeaver Data Transfer [org.jkiss.dbeaver.data.transfer 2.0.92.202306251800]
> Start DBeaver SQL Language Semantic Model [org.jkiss.dbeaver.model.lsm 1.0.3.202306251800]
2023-06-26 16:32:56.348 - Can't get column 'PLUGGED_IN': 부적합한 열 이름
> Start ICU4J Base [com.ibm.icu.base 58.2.0.v20170418-1837]
2023-06-26 16:37:09.185 - Can't get column 'COLUMN_NAMES_NUMS': 부적합한 열 이름
2023-06-26 16:47:33.576 - Error binding callable statement parameters from metadata: 지원되지 않는 기능입니다
2023-06-26 16:47:33.576 - Error obtaining output parameters from metadata: 지원되지 않는 기능입니다
2023-06-26 16:47:33.576 - Can't obtain procedure metadata nor jdbc metadata
2023-06-26 16:47:33.654 - SQL Error [936] [42000]: ORA-00936: missing expression


Error position: line: 23 pos: 7
org.jkiss.dbeaver.model.sql.DBSQLException: SQL Error [936] [42000]: ORA-00936: missing expression

	at org.jkiss.dbeaver.model.impl.jdbc.exec.JDBCStatementImpl.executeStatement(JDBCStatementImpl.java:133)
	at org.jkiss.dbeaver.ui.editors.sql.execute.SQLQueryJob.executeStatement(SQLQueryJob.java:582)
	at org.jkiss.dbeaver.ui.editors.sql.execute.SQLQueryJob.lambda$1(SQLQueryJob.java:491)
	at org.jkiss.dbeaver.model.exec.DBExecUtils.tryExecuteRecover(DBExecUtils.java:189)
	at org.jkiss.dbeaver.ui.editors.sql.execute.SQLQueryJob.executeSingleQuery(SQLQueryJob.java:498)
	at org.jkiss.dbeaver.ui.editors.sql.execute.SQLQueryJob.extractData(SQLQueryJob.java:934)
	at org.jkiss.dbeaver.ui.editors.sql.SQLEditor$QueryResultsContainer.readData(SQLEditor.java:3919)
	at org.jkiss.dbeaver.ui.controls.resultset.ResultSetJobDataRead.lambda$0(ResultSetJobDataRead.java:123)
	at org.jkiss.dbeaver.model.exec.DBExecUtils.tryExecuteRecover(DBExecUtils.java:189)
	at org.jkiss.dbeaver.ui.controls.resultset.ResultSetJobDataRead.run(ResultSetJobDataRead.java:121)
	at org.jkiss.dbeaver.ui.controls.resultset.ResultSetViewer$ResultSetDataPumpJob.run(ResultSetViewer.java:5101)
	at org.jkiss.dbeaver.model.runtime.AbstractJob.run(AbstractJob.java:105)
	at org.eclipse.core.internal.jobs.Worker.run(Worker.java:63)
Caused by: java.sql.SQLSyntaxErrorException: ORA-00936: missing expression

	at oracle.jdbc.driver.T4CTTIoer.processError(T4CTTIoer.java:440)
	at oracle.jdbc.driver.T4CTTIoer.processError(T4CTTIoer.java:396)
	at oracle.jdbc.driver.T4C8Oall.processError(T4C8Oall.java:837)
	at oracle.jdbc.driver.T4CTTIfun.receive(T4CTTIfun.java:445)
	at oracle.jdbc.driver.T4CTTIfun.doRPC(T4CTTIfun.java:191)
	at oracle.jdbc.driver.T4C8Oall.doOALL(T4C8Oall.java:523)
	at oracle.jdbc.driver.T4CStatement.doOall8(T4CStatement.java:193)
	at oracle.jdbc.driver.T4CStatement.executeForDescribe(T4CStatement.java:848)
	at oracle.jdbc.driver.OracleStatement.executeMaybeDescribe(OracleStatement.java:1153)
	at oracle.jdbc.driver.OracleStatement.doExecuteWithTimeout(OracleStatement.java:1275)
	at oracle.jdbc.driver.OracleStatement.executeInternal(OracleStatement.java:1890)
	at oracle.jdbc.driver.OracleStatement.execute(OracleStatement.java:1855)
	at oracle.jdbc.driver.OracleStatementWrapper.execute(OracleStatementWrapper.java:304)
	at org.jkiss.dbeaver.model.impl.jdbc.exec.JDBCStatementImpl.execute(JDBCStatementImpl.java:330)
	at org.jkiss.dbeaver.model.impl.jdbc.exec.JDBCStatementImpl.executeStatement(JDBCStatementImpl.java:131)
	... 12 more
2023-06-26 16:53:59.768 - Can't parse numeric value [FIRST_NAME] using formatter: Character F is neither a decimal digit number, decimal point, nor "e" notation exponential mark.
2023-06-26 16:53:59.769 - Can't parse numeric value [FIRST_NAME] using formatter: Character F is neither a decimal digit number, decimal point, nor "e" notation exponential mark.
2023-06-26 16:53:59.769 - Can't parse numeric value [FIRST_NAME] using formatter: Character F is neither a decimal digit number, decimal point, nor "e" notation exponential mark.
2023-06-26 16:53:59.770 - Can't parse numeric value [FIRST_NAME] using formatter: Character F is neither a decimal digit number, decimal point, nor "e" notation exponential mark.
2023-06-26 16:53:59.770 - Can't parse numeric value [FIRST_NAME] using formatter: Character F is neither a decimal digit number, decimal point, nor "e" notation exponential mark.
> Start Data Transfer UI [org.jkiss.dbeaver.data.transfer.ui 1.0.92.202306251800]
> Start DBeaver Tasks - Native Tools [org.jkiss.dbeaver.tasks.native 1.0.86.202306251800]
2023-06-26 17:12:17.861 - Execution context opened (localhost; SQLEditor <orderbyTest.sql>; 4)
2023-06-26 17:34:16.722 - org.eclipse.jface.text.BadLocationException
org.eclipse.jface.text.BadLocationException
	at org.eclipse.jface.text.ListLineTracker.getLineOffset(ListLineTracker.java:197)
	at org.eclipse.jface.text.AbstractLineTracker.getLineOffset(AbstractLineTracker.java:252)
	at org.eclipse.jface.text.AbstractDocument.getLineOffset(AbstractDocument.java:877)
	at org.eclipse.core.internal.filebuffers.SynchronizableDocument.getLineOffset(SynchronizableDocument.java:323)
	at org.jkiss.dbeaver.ui.editors.sql.util.SQLAnnotationHover.getHoverInfo(SQLAnnotationHover.java:91)
	at org.eclipse.jface.text.source.AnnotationBarHoverManager.computeInformation(AnnotationBarHoverManager.java:346)
	at org.eclipse.jface.text.AbstractInformationControlManager.doShowInformation(AbstractInformationControlManager.java:1101)
	at org.eclipse.jface.text.AbstractHoverInformationControlManager$MouseTracker.mouseHover(AbstractHoverInformationControlManager.java:511)
	at org.eclipse.swt.widgets.TypedListener.handleEvent(TypedListener.java:212)
	at org.eclipse.swt.widgets.EventTable.sendEvent(EventTable.java:89)
	at org.eclipse.swt.widgets.Display.sendEvent(Display.java:4274)
	at org.eclipse.swt.widgets.Widget.sendEvent(Widget.java:1066)
	at org.eclipse.swt.widgets.Display.runDeferredEvents(Display.java:4072)
	at org.eclipse.swt.widgets.Display.readAndDispatch(Display.java:3660)
	at org.eclipse.e4.ui.internal.workbench.swt.PartRenderingEngine$5.run(PartRenderingEngine.java:1155)
	at org.eclipse.core.databinding.observable.Realm.runWithDefault(Realm.java:338)
	at org.eclipse.e4.ui.internal.workbench.swt.PartRenderingEngine.run(PartRenderingEngine.java:1046)
	at org.eclipse.e4.ui.internal.workbench.E4Workbench.createAndRunUI(E4Workbench.java:155)
	at org.eclipse.ui.internal.Workbench.lambda$3(Workbench.java:643)
	at org.eclipse.core.databinding.observable.Realm.runWithDefault(Realm.java:338)
	at org.eclipse.ui.internal.Workbench.createAndRunWorkbench(Workbench.java:550)
	at org.eclipse.ui.PlatformUI.createAndRunWorkbench(PlatformUI.java:171)
	at org.jkiss.dbeaver.ui.app.standalone.DBeaverApplication.start(DBeaverApplication.java:279)
	at org.eclipse.equinox.internal.app.EclipseAppHandle.run(EclipseAppHandle.java:203)
	at org.eclipse.core.runtime.internal.adaptor.EclipseAppLauncher.runApplication(EclipseAppLauncher.java:136)
	at org.eclipse.core.runtime.internal.adaptor.EclipseAppLauncher.start(EclipseAppLauncher.java:104)
	at org.eclipse.core.runtime.adaptor.EclipseStarter.run(EclipseStarter.java:402)
	at org.eclipse.core.runtime.adaptor.EclipseStarter.run(EclipseStarter.java:255)
	at java.base/jdk.internal.reflect.NativeMethodAccessorImpl.invoke0(Native Method)
	at java.base/jdk.internal.reflect.NativeMethodAccessorImpl.invoke(Unknown Source)
	at java.base/jdk.internal.reflect.DelegatingMethodAccessorImpl.invoke(Unknown Source)
	at java.base/java.lang.reflect.Method.invoke(Unknown Source)
	at org.eclipse.equinox.launcher.Main.invokeFramework(Main.java:659)
	at org.eclipse.equinox.launcher.Main.basicRun(Main.java:596)
	at org.eclipse.equinox.launcher.Main.run(Main.java:1467)
2023-06-26 17:35:20.203 - Execution context opened (localhost; SQLEditor <orderbyTest2.sql>; 5)
2023-06-26 17:49:03.253 - Execution context opened (localhost; SQLEditor <Script.sql>; 6)
2023-06-26 18:04:42.014 - Execution context closed (localhost, 3)
2023-06-26 18:04:42.085 - Execution context closed (localhost, 4)
2023-06-26 18:04:42.103 - Execution context closed (localhost, 5)
2023-06-26 18:04:42.127 - Execution context closed (localhost, 6)
2023-06-26 18:04:42.188 - DBeaver is stopping
2023-06-26 18:04:42.188 - Stop RMI server
2023-06-26 18:04:42.189 - RMI controller has been stopped
2023-06-26 18:04:42.189 - DBeaver shutdown completed
