2023-06-30 12:22:26.951 - DBeaver 23.1.1.202306251800 is starting
2023-06-30 12:22:26.952 - OS: Windows 10 10.0 (amd64)
2023-06-30 12:22:26.952 - Java version: 17.0.6 by Eclipse Adoptium (64bit)
2023-06-30 12:22:26.952 - Install path: 'D:\web_1400_lwj\dbms\oracle\resource\dbeaver-ce-23.1.1-win32.win32.x86_64\dbeaver'
2023-06-30 12:22:26.952 - Instance path: 'file:/D:/web_1400_lwj/dbms/oracle/orcWorkspace/'
2023-06-30 12:22:26.952 - Memory available 64Mb/1024Mb
2023-06-30 12:22:26.957 - Create display
2023-06-30 12:22:27.041 - Initializing DBeaver 23.1.1
2023-06-30 12:22:27.041 - Host plugin: org.jkiss.dbeaver.ui.app.standalone 23.1.1.202306251800
2023-06-30 12:22:27.041 - Initialize desktop platform...
2023-06-30 12:22:27.140 - BounceCastle bundle found. Use JCE provider BC
> Start Core File Systems [org.eclipse.core.filesystem 1.10.0.v20230425-0513]
> Start Core Resource Management [org.eclipse.core.resources 3.19.0.v20230510-1240]
> Start Team Support Core [org.eclipse.team.core 3.10.0.v20230317-0901]
> Start DBeaver UI Navigator [org.jkiss.dbeaver.ui.navigator 1.0.108.202306251800]
2023-06-30 12:22:27.361 - Initialize base platform...
2023-06-30 12:22:27.390 - Platform initialized (349ms)
> Start DBeaver UI Editors - Base [org.jkiss.dbeaver.ui.editors.base 1.0.108.202306251800]
2023-06-30 12:22:27.390 - Starting RMI server at 49155
2023-06-30 12:22:27.453 - Run workbench
> Start DBeaver UI [org.jkiss.dbeaver.ui 5.1.123.202306251800]
> Start Eclipse e4 Workbench SWT [org.eclipse.e4.ui.workbench.swt 0.17.0.v20230501-1823]
> Start Eclipse Application Services [org.eclipse.e4.core.services 2.4.0.v20230429-1914]
> Start Eclipse UI Application Services [org.eclipse.e4.ui.services 1.6.0.v20230501-1823]
> Start Eclipse e4 Progress View [org.eclipse.e4.ui.progress 0.4.0.v20230501-1823]
> Start Eclipse Bindings Support [org.eclipse.e4.ui.bindings 0.14.0.v20230501-1823]
> Start Eclipse e4 core commands [org.eclipse.e4.core.commands 1.1.0.v20230501-1823]
> Start Debug Core [org.eclipse.debug.core 3.21.0.v20230508-1538]
> Start Equinox Java Authentication and Authorization Service (JAAS) [org.eclipse.equinox.security 1.3.1000.v20220801-1135]
> Start jna [com.sun.jna 5.13.0]
> Start EMF XML/XMI Persistence [org.eclipse.emf.ecore.xmi 2.18.0.v20230211-1150]
> Start Internet Connection Management UI [org.eclipse.ui.net 1.5.0.v20230317-0901]
> Start Internet Connection Management [org.eclipse.core.net 1.5.0.v20230317-0901]
> Start JSch Core [org.eclipse.jsch.core 1.5.0.v20230317-0901]
> Start Eclipse CSS SWT Theme Support [org.eclipse.e4.ui.css.swt.theme 0.14.0.v20230501-1533]
> Start Eclipse e4 Workbench Add-ons [org.eclipse.e4.ui.workbench.addons.swt 1.5.0.v20230501-1823]
> Start Eclipse e4 Workbench SWT Renderer [org.eclipse.e4.ui.workbench.renderers.swt 0.16.0.v20230525-0648]
> Start Eclipse Dependency Injection Extensions [org.eclipse.e4.core.di.extensions 0.18.0.v20230429-1914]
> Start Eclipse CSS SWT Support [org.eclipse.e4.ui.css.swt 0.15.0.v20230317-0802]
2023-06-30 12:22:31.876 - Configure workbench window
> Start DBeaver SQL Model [org.jkiss.dbeaver.model.sql 1.0.98.202306251800]
2023-06-30 12:22:31.978 - Total database drivers: 104 (104)
> Start Help System Core [org.eclipse.help 3.10.0.v20230317-0802]
2023-06-30 12:22:32.025 - Create actions
2023-06-30 12:22:32.029 - Disable Eclipse action set 'org.eclipse.ui.edit.text.actionSet.annotationNavigation'
2023-06-30 12:22:32.029 - Disable Eclipse action set 'org.eclipse.ui.WorkingSetActionSet'
2023-06-30 12:22:32.029 - Disable Eclipse action set 'org.eclipse.ui.actionSet.openFiles'
2023-06-30 12:22:32.332 - Initialize workbench window
2023-06-30 12:22:32.335 - Finish initialization
> Start Default Text Editor [org.eclipse.ui.editors 3.16.0.v20230329-1609]
> Start Text Editor Framework [org.eclipse.ui.workbench.texteditor 3.17.0.v20230316-1200]
> Start DBeaver UI Editors - Data [org.jkiss.dbeaver.ui.editors.data 1.0.108.202306251800]
Warning: NLS unused message: actions_navigator__objects in: org.jkiss.dbeaver.ui.editors.sql.internal.SQLEditorMessages
> Start DBeaver UI Editors - SQL [org.jkiss.dbeaver.ui.editors.sql 1.0.108.202306251800]
> Start DBeaver SQL Terminal [org.jkiss.dbeaver.ui.editors.sql.terminal 1.0.84.202306251800]
> Start Core Compare Support [org.eclipse.compare.core 3.8.0.v20230517-1315]
> Start Console [org.eclipse.ui.console 3.12.0.v20230317-0802]
> Start DBeaver Sample Database [org.jkiss.dbeaver.ext.sample.database 1.0.145.202306251800]
> Start DBeaver Tip of the day [org.jkiss.dbeaver.ext.ui.tipoftheday 1.0.114.202306251800]
> Start GEF Classic Draw2d [org.eclipse.draw2d 3.13.0.202306071707]
> Start GEF Classic GEF (MVC) [org.eclipse.gef 3.14.0.202306071707]
> Start DBeaver ERD UI [org.jkiss.dbeaver.erd.ui 3.0.68.202306251800]
> Start DBeaver ERD Model [org.jkiss.dbeaver.erd.model 1.0.68.202306251800]
2023-06-30 12:22:34.012 - Connect with 'localhost' (oracle_thin-18905a47ee7-6acc19c865b1d3c7)
> Start Bundle-Name [org.jkiss.dbeaver.model.jdbc 1.0.1.202306251800]
> Start DBeaver Oracle Support [org.jkiss.dbeaver.ext.oracle 2.1.193.202306251800]
2023-06-30 12:22:34.034 - Can't connect - connect/disconnect is in progress
2023-06-30 12:22:34.045 - Execution context opened (localhost; Main; 0)
2023-06-30 12:22:34.295 - Execution context opened (localhost; Metadata; 1)
2023-06-30 12:22:34.353 - Connected (oracle_thin-18905a47ee7-6acc19c865b1d3c7, Oracle JDBC driver [11.2.0.2.0])
2023-06-30 12:22:34.358 - Execution context opened (localhost; SQLEditor <Script-1.sql>; 2)
2023-06-30 12:22:35.491 - Node 'TBL_CASE' not found in parent node 'database://oracle_thin-18905a47ee7-6acc19c865b1d3c7/org.jkiss.dbeaver.ext.oracle.model.OracleSchema/HR/org.jkiss.dbeaver.ext.oracle.model.OracleTable'.
Allowed children: [HR.COUNTRIES, HR.DEPARTMENTS, HR.EMPLOYEES, HR.JOBS, HR.JOB_HISTORY, HR.LOCATIONS, HR.REGIONS]
2023-06-30 12:22:35.491 - Node 'org.jkiss.dbeaver.ext.oracle.model.OracleTable' not found in parent node 'database://oracle_thin-18905a47ee7-6acc19c865b1d3c7/org.jkiss.dbeaver.ext.oracle.model.OracleSchema/HR'.
Allowed children: [Tables, Views, Materialized Views, Indexes, Sequences, Queues, Types, Packages, Procedures, Functions, Synonyms, Schema Triggers, Table Triggers, Database Links, Java, Jobs, Scheduler]
2023-06-30 12:22:35.491 - Node 'HR' not found in parent node 'database://oracle_thin-18905a47ee7-6acc19c865b1d3c7/org.jkiss.dbeaver.ext.oracle.model.OracleSchema'.
Allowed children: [Schema ANONYMOUS, Schema APEX_040000, Schema APEX_PUBLIC_USER, Schema APPQOSSYS, Schema DIP, Schema FLOWS_FILES, Schema HR, Schema XS$NULL]
2023-06-30 12:22:35.491 - Node 'org.jkiss.dbeaver.ext.oracle.model.OracleSchema' not found in parent node 'database://oracle_thin-18905a47ee7-6acc19c865b1d3c7'.
Allowed children: [Schemas, Global metadata, Storage, Security, Administer]
2023-06-30 12:22:36.675 - Open [https://dbeaver.io/product/version.xml]
> Start DBeaver Tasks - Native Tools UI [org.jkiss.dbeaver.tasks.native.ui 1.0.86.202306251800]
> Start DBeaver Oracle UI [org.jkiss.dbeaver.ext.oracle.ui 1.0.95.202306251800]
> Start DBeaver Tasks - General UI [org.jkiss.dbeaver.tasks.ui 1.0.86.202306251800]
2023-06-30 12:23:07.930 - Execution context opened (localhost; SQLEditor <Script.sql>; 3)
> Start DBeaver SQL Language Semantic Model [org.jkiss.dbeaver.model.lsm 1.0.3.202306251800]
2023-06-30 12:23:56.761 - Node 'TBL_PHONE' not found in parent node 'database://oracle_thin-18905a47ee7-6acc19c865b1d3c7/org.jkiss.dbeaver.ext.oracle.model.OracleSchema/HR/org.jkiss.dbeaver.ext.oracle.model.OracleTable'.
Allowed children: [HR.COUNTRIES, HR.DEPARTMENTS, HR.EMPLOYEES, HR.JOBS, HR.JOB_HISTORY, HR.LOCATIONS, HR.REGIONS]
2023-06-30 12:23:56.761 - Node 'org.jkiss.dbeaver.ext.oracle.model.OracleTable' not found in parent node 'database://oracle_thin-18905a47ee7-6acc19c865b1d3c7/org.jkiss.dbeaver.ext.oracle.model.OracleSchema/HR'.
Allowed children: [Tables, Views, Materialized Views, Indexes, Sequences, Queues, Types, Packages, Procedures, Functions, Synonyms, Schema Triggers, Table Triggers, Database Links, Java, Jobs, Scheduler]
2023-06-30 12:23:56.761 - Node 'HR' not found in parent node 'database://oracle_thin-18905a47ee7-6acc19c865b1d3c7/org.jkiss.dbeaver.ext.oracle.model.OracleSchema'.
Allowed children: [Schema ANONYMOUS, Schema APEX_040000, Schema APEX_PUBLIC_USER, Schema APPQOSSYS, Schema DIP, Schema FLOWS_FILES, Schema HR, Schema XS$NULL]
2023-06-30 12:23:56.761 - Node 'org.jkiss.dbeaver.ext.oracle.model.OracleSchema' not found in parent node 'database://oracle_thin-18905a47ee7-6acc19c865b1d3c7'.
Allowed children: [Schemas, Global metadata, Storage, Security, Administer]
2023-06-30 12:24:20.749 - Connect with 'localhost' (oracle_thin-188fff48295-1e59d20336071d5a)
2023-06-30 12:24:20.749 - Execution context opened (localhost; Main; 4)
2023-06-30 12:24:20.762 - Execution context opened (localhost; Metadata; 5)
2023-06-30 12:24:20.777 - Connected (oracle_thin-188fff48295-1e59d20336071d5a, Oracle JDBC driver [11.2.0.2.0])
2023-06-30 12:24:20.782 - Execution context opened (localhost; SQLEditor <Script.sql>; 6)
2023-06-30 12:24:42.963 - Execution context closed (localhost, 6)
2023-06-30 12:25:57.548 - Execution context closed (localhost, 2)
2023-06-30 12:25:58.423 - Execution context closed (localhost, 3)
2023-06-30 13:04:44.939 - Execution context opened (localhost; SQLEditor <Script.sql>; 7)
2023-06-30 13:04:47.309 - Execution context opened (localhost; SQLEditor <Script-1.sql>; 8)
2023-06-30 13:30:57.832 - SQL Error [907] [42000]: ORA-00907: missing right parenthesis

org.jkiss.dbeaver.model.sql.DBSQLException: SQL Error [907] [42000]: ORA-00907: missing right parenthesis

	at org.jkiss.dbeaver.model.impl.jdbc.exec.JDBCStatementImpl.executeStatement(JDBCStatementImpl.java:133)
	at org.jkiss.dbeaver.ui.editors.sql.execute.SQLQueryJob.executeStatement(SQLQueryJob.java:582)
	at org.jkiss.dbeaver.ui.editors.sql.execute.SQLQueryJob.lambda$1(SQLQueryJob.java:491)
	at org.jkiss.dbeaver.model.exec.DBExecUtils.tryExecuteRecover(DBExecUtils.java:189)
	at org.jkiss.dbeaver.ui.editors.sql.execute.SQLQueryJob.executeSingleQuery(SQLQueryJob.java:498)
	at org.jkiss.dbeaver.ui.editors.sql.execute.SQLQueryJob.extractData(SQLQueryJob.java:934)
	at org.jkiss.dbeaver.ui.editors.sql.SQLEditor$QueryResultsContainer.readData(SQLEditor.java:3919)
	at org.jkiss.dbeaver.ui.controls.resultset.ResultSetJobDataRead.lambda$0(ResultSetJobDataRead.java:123)
	at org.jkiss.dbeaver.model.exec.DBExecUtils.tryExecuteRecover(DBExecUtils.java:189)
	at org.jkiss.dbeaver.ui.controls.resultset.ResultSetJobDataRead.run(ResultSetJobDataRead.java:121)
	at org.jkiss.dbeaver.ui.controls.resultset.ResultSetViewer$ResultSetDataPumpJob.run(ResultSetViewer.java:5101)
	at org.jkiss.dbeaver.model.runtime.AbstractJob.run(AbstractJob.java:105)
	at org.eclipse.core.internal.jobs.Worker.run(Worker.java:63)
Caused by: java.sql.SQLSyntaxErrorException: ORA-00907: missing right parenthesis

	at oracle.jdbc.driver.T4CTTIoer.processError(T4CTTIoer.java:440)
	at oracle.jdbc.driver.T4CTTIoer.processError(T4CTTIoer.java:396)
	at oracle.jdbc.driver.T4C8Oall.processError(T4C8Oall.java:837)
	at oracle.jdbc.driver.T4CTTIfun.receive(T4CTTIfun.java:445)
	at oracle.jdbc.driver.T4CTTIfun.doRPC(T4CTTIfun.java:191)
	at oracle.jdbc.driver.T4C8Oall.doOALL(T4C8Oall.java:523)
	at oracle.jdbc.driver.T4CStatement.doOall8(T4CStatement.java:193)
	at oracle.jdbc.driver.T4CStatement.executeForRows(T4CStatement.java:999)
	at oracle.jdbc.driver.OracleStatement.doExecuteWithTimeout(OracleStatement.java:1315)
	at oracle.jdbc.driver.OracleStatement.executeInternal(OracleStatement.java:1890)
	at oracle.jdbc.driver.OracleStatement.execute(OracleStatement.java:1855)
	at oracle.jdbc.driver.OracleStatementWrapper.execute(OracleStatementWrapper.java:304)
	at org.jkiss.dbeaver.model.impl.jdbc.exec.JDBCStatementImpl.execute(JDBCStatementImpl.java:330)
	at org.jkiss.dbeaver.model.impl.jdbc.exec.JDBCStatementImpl.executeStatement(JDBCStatementImpl.java:131)
	... 12 more
2023-06-30 13:30:57.874 - Error binding callable statement parameters from metadata: 지원되지 않는 기능입니다
2023-06-30 13:30:57.874 - Error obtaining output parameters from metadata: 지원되지 않는 기능입니다
2023-06-30 13:30:57.874 - Can't obtain procedure metadata nor jdbc metadata
2023-06-30 13:33:21.238 - SQL Error [917] [42000]: ORA-00917: missing comma

org.jkiss.dbeaver.model.sql.DBSQLException: SQL Error [917] [42000]: ORA-00917: missing comma

	at org.jkiss.dbeaver.model.impl.jdbc.exec.JDBCStatementImpl.executeStatement(JDBCStatementImpl.java:133)
	at org.jkiss.dbeaver.ui.editors.sql.execute.SQLQueryJob.executeStatement(SQLQueryJob.java:582)
	at org.jkiss.dbeaver.ui.editors.sql.execute.SQLQueryJob.lambda$1(SQLQueryJob.java:491)
	at org.jkiss.dbeaver.model.exec.DBExecUtils.tryExecuteRecover(DBExecUtils.java:189)
	at org.jkiss.dbeaver.ui.editors.sql.execute.SQLQueryJob.executeSingleQuery(SQLQueryJob.java:498)
	at org.jkiss.dbeaver.ui.editors.sql.execute.SQLQueryJob.extractData(SQLQueryJob.java:934)
	at org.jkiss.dbeaver.ui.editors.sql.SQLEditor$QueryResultsContainer.readData(SQLEditor.java:3919)
	at org.jkiss.dbeaver.ui.controls.resultset.ResultSetJobDataRead.lambda$0(ResultSetJobDataRead.java:123)
	at org.jkiss.dbeaver.model.exec.DBExecUtils.tryExecuteRecover(DBExecUtils.java:189)
	at org.jkiss.dbeaver.ui.controls.resultset.ResultSetJobDataRead.run(ResultSetJobDataRead.java:121)
	at org.jkiss.dbeaver.ui.controls.resultset.ResultSetViewer$ResultSetDataPumpJob.run(ResultSetViewer.java:5101)
	at org.jkiss.dbeaver.model.runtime.AbstractJob.run(AbstractJob.java:105)
	at org.eclipse.core.internal.jobs.Worker.run(Worker.java:63)
Caused by: java.sql.SQLSyntaxErrorException: ORA-00917: missing comma

	at oracle.jdbc.driver.T4CTTIoer.processError(T4CTTIoer.java:440)
	at oracle.jdbc.driver.T4CTTIoer.processError(T4CTTIoer.java:396)
	at oracle.jdbc.driver.T4C8Oall.processError(T4C8Oall.java:837)
	at oracle.jdbc.driver.T4CTTIfun.receive(T4CTTIfun.java:445)
	at oracle.jdbc.driver.T4CTTIfun.doRPC(T4CTTIfun.java:191)
	at oracle.jdbc.driver.T4C8Oall.doOALL(T4C8Oall.java:523)
	at oracle.jdbc.driver.T4CStatement.doOall8(T4CStatement.java:193)
	at oracle.jdbc.driver.T4CStatement.executeForRows(T4CStatement.java:999)
	at oracle.jdbc.driver.OracleStatement.doExecuteWithTimeout(OracleStatement.java:1315)
	at oracle.jdbc.driver.OracleStatement.executeInternal(OracleStatement.java:1890)
	at oracle.jdbc.driver.OracleStatement.execute(OracleStatement.java:1855)
	at oracle.jdbc.driver.OracleStatementWrapper.execute(OracleStatementWrapper.java:304)
	at org.jkiss.dbeaver.model.impl.jdbc.exec.JDBCStatementImpl.execute(JDBCStatementImpl.java:330)
	at org.jkiss.dbeaver.model.impl.jdbc.exec.JDBCStatementImpl.executeStatement(JDBCStatementImpl.java:131)
	... 12 more
2023-06-30 13:33:21.290 - Error binding callable statement parameters from metadata: 지원되지 않는 기능입니다
2023-06-30 13:33:21.290 - Error obtaining output parameters from metadata: 지원되지 않는 기능입니다
2023-06-30 13:33:21.290 - Can't obtain procedure metadata nor jdbc metadata
2023-06-30 13:33:35.060 - SQL Error [913] [42000]: ORA-00913: too many values

org.jkiss.dbeaver.model.sql.DBSQLException: SQL Error [913] [42000]: ORA-00913: too many values

	at org.jkiss.dbeaver.model.impl.jdbc.exec.JDBCStatementImpl.executeStatement(JDBCStatementImpl.java:133)
	at org.jkiss.dbeaver.ui.editors.sql.execute.SQLQueryJob.executeStatement(SQLQueryJob.java:582)
	at org.jkiss.dbeaver.ui.editors.sql.execute.SQLQueryJob.lambda$1(SQLQueryJob.java:491)
	at org.jkiss.dbeaver.ui.editors.sql.execute.SQLQueryJob.executeSingleQuery(SQLQueryJob.java:501)
	at org.jkiss.dbeaver.ui.editors.sql.execute.SQLQueryJob.extractData(SQLQueryJob.java:934)
	at org.jkiss.dbeaver.ui.editors.sql.SQLEditor$QueryResultsContainer.readData(SQLEditor.java:3919)
	at org.jkiss.dbeaver.ui.controls.resultset.ResultSetJobDataRead.lambda$0(ResultSetJobDataRead.java:123)
	at org.jkiss.dbeaver.model.exec.DBExecUtils.tryExecuteRecover(DBExecUtils.java:189)
	at org.jkiss.dbeaver.ui.controls.resultset.ResultSetJobDataRead.run(ResultSetJobDataRead.java:121)
	at org.jkiss.dbeaver.ui.controls.resultset.ResultSetViewer$ResultSetDataPumpJob.run(ResultSetViewer.java:5101)
	at org.jkiss.dbeaver.model.runtime.AbstractJob.run(AbstractJob.java:105)
	at org.eclipse.core.internal.jobs.Worker.run(Worker.java:63)
Caused by: java.sql.SQLSyntaxErrorException: ORA-00913: too many values

	at oracle.jdbc.driver.T4CTTIoer.processError(T4CTTIoer.java:440)
	at oracle.jdbc.driver.T4CTTIoer.processError(T4CTTIoer.java:396)
	at oracle.jdbc.driver.T4C8Oall.processError(T4C8Oall.java:837)
	at oracle.jdbc.driver.T4CTTIfun.receive(T4CTTIfun.java:445)
	at oracle.jdbc.driver.T4CTTIfun.doRPC(T4CTTIfun.java:191)
	at oracle.jdbc.driver.T4C8Oall.doOALL(T4C8Oall.java:523)
	at oracle.jdbc.driver.T4CStatement.doOall8(T4CStatement.java:193)
	at oracle.jdbc.driver.T4CStatement.executeForRows(T4CStatement.java:999)
	at oracle.jdbc.driver.OracleStatement.doExecuteWithTimeout(OracleStatement.java:1315)
	at oracle.jdbc.driver.OracleStatement.executeInternal(OracleStatement.java:1890)
	at oracle.jdbc.driver.OracleStatement.execute(OracleStatement.java:1855)
	at oracle.jdbc.driver.OracleStatementWrapper.execute(OracleStatementWrapper.java:304)
	at org.jkiss.dbeaver.model.impl.jdbc.exec.JDBCStatementImpl.execute(JDBCStatementImpl.java:330)
	at org.jkiss.dbeaver.model.impl.jdbc.exec.JDBCStatementImpl.executeStatement(JDBCStatementImpl.java:131)
	... 11 more
2023-06-30 13:33:35.117 - Error binding callable statement parameters from metadata: 지원되지 않는 기능입니다
2023-06-30 13:33:35.117 - Error obtaining output parameters from metadata: 지원되지 않는 기능입니다
2023-06-30 13:33:35.117 - Can't obtain procedure metadata nor jdbc metadata
2023-06-30 13:36:38.393 - Can't get column 'EXTERNAL_NAME': 부적합한 열 이름
2023-06-30 13:36:38.393 - Can't get column 'ACCOUNT_STATUS': 부적합한 열 이름
2023-06-30 13:36:38.393 - Can't get column 'LOCK_DATE': 부적합한 열 이름
2023-06-30 13:36:38.393 - Can't get column 'EXPIRY_DATE': 부적합한 열 이름
2023-06-30 13:36:38.394 - Can't get column 'DEFAULT_TABLESPACE': 부적합한 열 이름
2023-06-30 13:36:38.394 - Can't get column 'TEMPORARY_TABLESPACE': 부적합한 열 이름
2023-06-30 13:36:38.394 - Can't get column 'PROFILE': 부적합한 열 이름
2023-06-30 13:36:38.394 - Can't get column 'INITIAL_RSRC_CONSUMER_GROUP': 부적합한 열 이름
2023-06-30 13:36:45.268 - Can't get column 'PLUGGED_IN': 부적합한 열 이름
2023-06-30 13:40:48.577 - Execution context opened (localhost; SQLEditor <day05.sql>; 9)
2023-06-30 13:40:48.795 - Execution context closed (localhost, 9)
2023-06-30 13:40:48.863 - Execution context closed (localhost, 7)
2023-06-30 13:40:48.910 - Execution context closed (localhost, 8)
2023-06-30 13:40:49.009 - DBeaver is stopping
2023-06-30 13:40:49.009 - Stop RMI server
2023-06-30 13:40:49.010 - RMI controller has been stopped
2023-06-30 13:40:49.010 - DBeaver shutdown completed
